<?xml version="1.0" encoding="UTF-8"?>
<!-- Generated by org.testng.reporters.JUnitXMLReporter -->
<testsuite ignored="16" hostname="LAPTOP-DCD51ORS" failures="2" tests="5" name="Test" time="94.104" errors="0" timestamp="2022-06-13T15:53:23 IST">
  <testcase classname="varm.crm.comcast.campaignTest.CreateCampaignTest" name="createCampaignTest" time="9.417"/>
  <testcase classname="varm.crm.comcast.campaignTest.CreateCampaignWithProductTest" name="createCampaignWithProductTest" time="10.092"/>
  <testcase classname="varm.crm.comcast.contactTest.CreateContactTest" name="createContactTest" time="8.123"/>
  <testcase classname="varm.crm.comcast.contactTest.DeleteContactTest" name="deleteContactTest" time="4.055">
    <failure type="java.lang.AssertionError" message="Contact Name is not deleted expected [true] but found [false]">
      <![CDATA[java.lang.AssertionError: Contact Name is not deleted expected [true] but found [false]
at varm.crm.comcast.contactTest.DeleteContactTest.deleteContactTest(DeleteContactTest.java:29)
at java.base/java.util.ArrayList.forEach(ArrayList.java:1511)
... Removed 32 stack frames]]>
    </failure>
  </testcase> <!-- deleteContactTest -->
  <testcase classname="varm.crm.comcast.organisationTest.CreateOrganisationTest" name="createOrganisationTest" time="9.994">
    <failure type="java.lang.AssertionError" message="null">
      <![CDATA[java.lang.AssertionError: null
at varm.crm.comcast.organisationTest.CreateOrganisationTest.createOrganisationTest(CreateOrganisationTest.java:48)
at java.base/java.util.ArrayList.forEach(ArrayList.java:1511)
... Removed 29 stack frames]]>
    </failure>
  </testcase> <!-- createOrganisationTest -->
  <testcase classname="varm.crm.comcast.genericutility.BaseClass" name="@BeforeTest beforeTest" time="0.0">
    <ignored/>
  </testcase> <!-- @BeforeTest beforeTest -->
  <testcase classname="varm.crm.comcast.genericutility.BaseClass" name="@BeforeTest beforeTest" time="0.0">
    <ignored/>
  </testcase> <!-- @BeforeTest beforeTest -->
  <testcase classname="varm.crm.comcast.genericutility.BaseClass" name="@BeforeTest beforeTest" time="0.0">
    <ignored/>
  </testcase> <!-- @BeforeTest beforeTest -->
  <testcase classname="varm.crm.comcast.genericutility.BaseClass" name="@BeforeTest beforeTest" time="0.0">
    <ignored/>
  </testcase> <!-- @BeforeTest beforeTest -->
  <testcase classname="varm.crm.comcast.genericutility.BaseClass" name="@AfterSuite afterSuite" time="0.0">
    <ignored/>
  </testcase> <!-- @AfterSuite afterSuite -->
  <testcase classname="varm.crm.comcast.genericutility.BaseClass" name="@AfterSuite afterSuite" time="0.0">
    <ignored/>
  </testcase> <!-- @AfterSuite afterSuite -->
  <testcase classname="varm.crm.comcast.genericutility.BaseClass" name="@AfterSuite afterSuite" time="0.0">
    <ignored/>
  </testcase> <!-- @AfterSuite afterSuite -->
  <testcase classname="varm.crm.comcast.genericutility.BaseClass" name="@AfterSuite afterSuite" time="0.0">
    <ignored/>
  </testcase> <!-- @AfterSuite afterSuite -->
  <testcase classname="varm.crm.comcast.genericutility.BaseClass" name="@AfterTest afterTest" time="0.0">
    <ignored/>
  </testcase> <!-- @AfterTest afterTest -->
  <testcase classname="varm.crm.comcast.genericutility.BaseClass" name="@AfterTest afterTest" time="0.0">
    <ignored/>
  </testcase> <!-- @AfterTest afterTest -->
  <testcase classname="varm.crm.comcast.genericutility.BaseClass" name="@AfterTest afterTest" time="0.0">
    <ignored/>
  </testcase> <!-- @AfterTest afterTest -->
  <testcase classname="varm.crm.comcast.genericutility.BaseClass" name="@AfterTest afterTest" time="0.0">
    <ignored/>
  </testcase> <!-- @AfterTest afterTest -->
  <testcase classname="varm.crm.comcast.genericutility.BaseClass" name="@BeforeSuite beforeSuite" time="0.0">
    <ignored/>
  </testcase> <!-- @BeforeSuite beforeSuite -->
  <testcase classname="varm.crm.comcast.genericutility.BaseClass" name="@BeforeSuite beforeSuite" time="0.0">
    <ignored/>
  </testcase> <!-- @BeforeSuite beforeSuite -->
  <testcase classname="varm.crm.comcast.genericutility.BaseClass" name="@BeforeSuite beforeSuite" time="0.0">
    <ignored/>
  </testcase> <!-- @BeforeSuite beforeSuite -->
  <testcase classname="varm.crm.comcast.genericutility.BaseClass" name="@BeforeSuite beforeSuite" time="0.0">
    <ignored/>
  </testcase> <!-- @BeforeSuite beforeSuite -->
</testsuite> <!-- Test -->
