<?xml version="1.0" encoding="UTF-8"?>
<!-- Generated by org.testng.reporters.JUnitXMLReporter -->
<testsuite ignored="4" hostname="LAPTOP-DCD51ORS" failures="0" tests="2" name="Test" time="20.535" errors="0" timestamp="2022-06-10T10:03:56 IST">
  <testcase classname="varm.crm.comcast.contactTest.CreateContactTest" name="createContactTest" time="4.637"/>
  <testcase classname="varm.crm.comcast.contactTest.CreateContactWithoutMandateTest" name="createContactTest" time="3.355"/>
  <testcase classname="varm.crm.comcast.genericutility.BaseClass" name="@AfterTest afterTest" time="0.0">
    <ignored/>
  </testcase> <!-- @AfterTest afterTest -->
  <testcase classname="varm.crm.comcast.genericutility.BaseClass" name="@BeforeSuite beforeSuite" time="0.0">
    <ignored/>
  </testcase> <!-- @BeforeSuite beforeSuite -->
  <testcase classname="varm.crm.comcast.genericutility.BaseClass" name="@BeforeTest beforeTest" time="0.0">
    <ignored/>
  </testcase> <!-- @BeforeTest beforeTest -->
  <testcase classname="varm.crm.comcast.genericutility.BaseClass" name="@AfterSuite afterSuite" time="0.0">
    <ignored/>
  </testcase> <!-- @AfterSuite afterSuite -->
</testsuite> <!-- Test -->
