<?xml version="1.0" encoding="UTF-8"?>
<testng-results ignored="0" total="1" passed="1" failed="0" skipped="0">
  <reporter-output>
  </reporter-output>
  <suite started-at="2022-06-14T16:05:12 IST" name="Default suite" finished-at="2022-06-14T16:05:32 IST" duration-ms="19409">
    <groups>
    </groups>
    <test started-at="2022-06-14T16:05:12 IST" name="Default test" finished-at="2022-06-14T16:05:32 IST" duration-ms="19409">
      <class name="varm.crm.comcast.LeadTest.createLeadTest">
        <test-method is-config="true" signature="beforeSuite()[pri:0, instance:varm.crm.comcast.LeadTest.createLeadTest@3a44431a]" started-at="2022-06-14T16:05:12 IST" name="beforeSuite" finished-at="2022-06-14T16:05:12 IST" duration-ms="6" status="PASS">
          <reporter-output>
          </reporter-output>
        </test-method> <!-- beforeSuite -->
        <test-method is-config="true" signature="beforeTest()[pri:0, instance:varm.crm.comcast.LeadTest.createLeadTest@3a44431a]" started-at="2022-06-14T16:05:12 IST" name="beforeTest" finished-at="2022-06-14T16:05:12 IST" duration-ms="1" status="PASS">
          <reporter-output>
          </reporter-output>
        </test-method> <!-- beforeTest -->
        <test-method is-config="true" signature="launchBrowser(java.lang.String)[pri:0, instance:varm.crm.comcast.LeadTest.createLeadTest@3a44431a]" started-at="2022-06-14T16:05:12 IST" name="launchBrowser" finished-at="2022-06-14T16:05:18 IST" duration-ms="5653" status="PASS">
          <params>
            <param index="0">
              <value>
                <![CDATA[firefox]]>
              </value>
            </param>
          </params>
          <reporter-output>
          </reporter-output>
        </test-method> <!-- launchBrowser -->
        <test-method is-config="true" signature="LoginToApp()[pri:0, instance:varm.crm.comcast.LeadTest.createLeadTest@3a44431a]" started-at="2022-06-14T16:05:18 IST" name="LoginToApp" finished-at="2022-06-14T16:05:20 IST" duration-ms="2465" status="PASS">
          <reporter-output>
          </reporter-output>
        </test-method> <!-- LoginToApp -->
        <test-method signature="createLead()[pri:0, instance:varm.crm.comcast.LeadTest.createLeadTest@3a44431a]" started-at="2022-06-14T16:05:20 IST" name="createLead" finished-at="2022-06-14T16:05:29 IST" duration-ms="8383" status="PASS">
          <reporter-output>
          </reporter-output>
        </test-method> <!-- createLead -->
        <test-method is-config="true" signature="logOut()[pri:0, instance:varm.crm.comcast.LeadTest.createLeadTest@3a44431a]" started-at="2022-06-14T16:05:29 IST" name="logOut" finished-at="2022-06-14T16:05:30 IST" duration-ms="1606" status="PASS">
          <reporter-output>
          </reporter-output>
        </test-method> <!-- logOut -->
        <test-method is-config="true" signature="closeTheBrowser()[pri:0, instance:varm.crm.comcast.LeadTest.createLeadTest@3a44431a]" started-at="2022-06-14T16:05:30 IST" name="closeTheBrowser" finished-at="2022-06-14T16:05:32 IST" duration-ms="1273" status="PASS">
          <reporter-output>
          </reporter-output>
        </test-method> <!-- closeTheBrowser -->
        <test-method is-config="true" signature="afterTest()[pri:0, instance:varm.crm.comcast.LeadTest.createLeadTest@3a44431a]" started-at="2022-06-14T16:05:32 IST" name="afterTest" finished-at="2022-06-14T16:05:32 IST" duration-ms="1" status="PASS">
          <reporter-output>
          </reporter-output>
        </test-method> <!-- afterTest -->
        <test-method is-config="true" signature="afterSuite()[pri:0, instance:varm.crm.comcast.LeadTest.createLeadTest@3a44431a]" started-at="2022-06-14T16:05:32 IST" name="afterSuite" finished-at="2022-06-14T16:05:32 IST" duration-ms="0" status="PASS">
          <reporter-output>
          </reporter-output>
        </test-method> <!-- afterSuite -->
      </class> <!-- varm.crm.comcast.LeadTest.createLeadTest -->
    </test> <!-- Default test -->
  </suite> <!-- Default suite -->
</testng-results>
